<?xml version="1.0" encoding="UTF-8"?>
<testsuite xmlns:xsi="http://www.w3.org/2001/XMLSchema-instance" xsi:noNamespaceSchemaLocation="https://maven.apache.org/surefire/maven-surefire-plugin/xsd/surefire-test-report.xsd" version="3.0.2" name="com.olva.academic.kata.RipleyEventKataTest" time="0.166" tests="2" errors="0" skipped="0" failures="0" flakes="0">
  <properties>
[...]
</properties>
  <testcase name="shouldRejectEventsWithoutRipleyEventCode" classname="com.olva.academic.kata.RipleyEventKataTest" time="0.121"/>
  <testcase name="shouldNormalizeEventCodeAndRemoveDuplicatedCuds" classname="com.olva.academic.kata.RipleyEventKataTest" time="0.019"/>
</testsuite>